2023-06-27 14:43:15 [INFO ] c.e.l.LogcollectorApplication - Starting LogcollectorApplication using Java 1.8.0_362 on DESKTOP-5G4ULTO with PID 15704 (C:\Users\user\lab\cloud_lab\conf_server\work\ai-plus\bin\main started by user in C:\Users\user\lab\cloud_lab\conf_server\work\ai-plus)
2023-06-27 14:43:15 [INFO ] c.e.l.LogcollectorApplication - No active profile set, falling back to 1 default profile: "default"
2023-06-27 14:43:21 [INFO ] c.e.l.LogcollectorApplication - Starting LogcollectorApplication using Java 1.8.0_362 on DESKTOP-5G4ULTO with PID 7476 (C:\Users\user\lab\cloud_lab\conf_server\work\ai-plus\bin\main started by user in C:\Users\user\lab\cloud_lab\conf_server\work\ai-plus)
2023-06-27 14:43:21 [INFO ] c.e.l.LogcollectorApplication - No active profile set, falling back to 1 default profile: "default"
2023-06-27 14:44:35 [INFO ] c.e.l.LogcollectorApplication - Starting LogcollectorApplication using Java 1.8.0_362 on DESKTOP-5G4ULTO with PID 26708 (C:\Users\user\lab\cloud_lab\conf_server\work\ai-plus\bin\main started by user in C:\Users\user\lab\cloud_lab\conf_server\work\ai-plus)
2023-06-27 14:44:35 [INFO ] c.e.l.LogcollectorApplication - No active profile set, falling back to 1 default profile: "default"
2023-06-27 14:45:36 [INFO ] c.e.l.LogcollectorApplication - Starting LogcollectorApplication using Java 1.8.0_362 on DESKTOP-5G4ULTO with PID 27656 (C:\Users\user\lab\cloud_lab\conf_server\work\ai-plus\bin\main started by user in C:\Users\user\lab\cloud_lab\conf_server\work\ai-plus)
2023-06-27 14:45:36 [INFO ] c.e.l.LogcollectorApplication - No active profile set, falling back to 1 default profile: "default"
2023-06-27 14:46:05 [INFO ] c.e.l.LogcollectorApplication - Starting LogcollectorApplication using Java 1.8.0_362 on DESKTOP-5G4ULTO with PID 25568 (C:\Users\user\lab\cloud_lab\conf_server\work\ai-plus\bin\main started by user in C:\Users\user\lab\cloud_lab\conf_server\work\ai-plus)
2023-06-27 14:46:05 [INFO ] c.e.l.LogcollectorApplication - No active profile set, falling back to 1 default profile: "default"
2023-06-27 14:46:06 [INFO ] c.e.l.LogcollectorApplication - Started LogcollectorApplication in 1.576 seconds (JVM running for 2.297)
2023-06-27 14:55:31 [INFO ] c.e.l.LogcollectorApplication - Starting LogcollectorApplication using Java 1.8.0_362 on DESKTOP-5G4ULTO with PID 23300 (C:\Users\user\lab\cloud_lab\conf_server\work\ai-plus\bin\main started by user in C:\Users\user\lab\cloud_lab\conf_server\work\ai-plus)
2023-06-27 14:55:31 [INFO ] c.e.l.LogcollectorApplication - No active profile set, falling back to 1 default profile: "default"
2023-06-27 14:55:32 [INFO ] c.e.l.LogcollectorApplication - Started LogcollectorApplication in 1.62 seconds (JVM running for 2.339)
2023-06-27 14:56:03 [INFO ] c.e.l.LogcollectorApplication - Starting LogcollectorApplication using Java 1.8.0_362 on DESKTOP-5G4ULTO with PID 23300 (C:\Users\user\lab\cloud_lab\conf_server\work\ai-plus\bin\main started by user in C:\Users\user\lab\cloud_lab\conf_server\work\ai-plus)
2023-06-27 14:56:03 [INFO ] c.e.l.LogcollectorApplication - No active profile set, falling back to 1 default profile: "default"
2023-06-27 14:56:03 [INFO ] c.e.l.LogcollectorApplication - Started LogcollectorApplication in 0.324 seconds (JVM running for 33.012)
2023-06-27 14:56:22 [INFO ] c.e.l.LogcollectorApplication - Starting LogcollectorApplication using Java 1.8.0_362 on DESKTOP-5G4ULTO with PID 29636 (C:\Users\user\lab\cloud_lab\conf_server\work\ai-plus\bin\main started by user in C:\Users\user\lab\cloud_lab\conf_server\work\ai-plus)
2023-06-27 14:56:22 [INFO ] c.e.l.LogcollectorApplication - No active profile set, falling back to 1 default profile: "default"
2023-06-27 14:56:23 [INFO ] c.e.l.LogcollectorApplication - Started LogcollectorApplication in 1.568 seconds (JVM running for 2.264)
2023-06-27 15:01:06 [INFO ] c.e.l.LogcollectorApplication - Starting LogcollectorApplication using Java 1.8.0_362 on DESKTOP-5G4ULTO with PID 29636 (C:\Users\user\lab\cloud_lab\conf_server\work\ai-plus\bin\main started by user in C:\Users\user\lab\cloud_lab\conf_server\work\ai-plus)
2023-06-27 15:01:06 [INFO ] c.e.l.LogcollectorApplication - No active profile set, falling back to 1 default profile: "default"
2023-06-27 15:01:06 [INFO ] c.e.l.LogcollectorApplication - Started LogcollectorApplication in 0.305 seconds (JVM running for 285.321)
2023-06-27 15:02:52 [INFO ] c.e.l.LogcollectorApplication - Starting LogcollectorApplication using Java 1.8.0_362 on DESKTOP-5G4ULTO with PID 29636 (C:\Users\user\lab\cloud_lab\conf_server\work\ai-plus\bin\main started by user in C:\Users\user\lab\cloud_lab\conf_server\work\ai-plus)
2023-06-27 15:02:52 [INFO ] c.e.l.LogcollectorApplication - No active profile set, falling back to 1 default profile: "default"
2023-06-27 15:02:52 [INFO ] c.e.l.LogcollectorApplication - Started LogcollectorApplication in 0.304 seconds (JVM running for 391.648)
2023-06-27 15:09:43 [INFO ] c.e.l.LogcollectorApplication - Starting LogcollectorApplication using Java 1.8.0_362 on DESKTOP-5G4ULTO with PID 29636 (C:\Users\user\lab\cloud_lab\conf_server\work\ai-plus\bin\main started by user in C:\Users\user\lab\cloud_lab\conf_server\work\ai-plus)
2023-06-27 15:09:43 [INFO ] c.e.l.LogcollectorApplication - No active profile set, falling back to 1 default profile: "default"
2023-06-27 15:09:43 [INFO ] c.e.l.LogcollectorApplication - Started LogcollectorApplication in 0.276 seconds (JVM running for 802.312)
2023-06-27 15:09:47 [INFO ] c.e.l.LogcollectorApplication - Starting LogcollectorApplication using Java 1.8.0_362 on DESKTOP-5G4ULTO with PID 4700 (C:\Users\user\lab\cloud_lab\conf_server\work\ai-plus\bin\main started by user in C:\Users\user\lab\cloud_lab\conf_server\work\ai-plus)
2023-06-27 15:09:47 [INFO ] c.e.l.LogcollectorApplication - No active profile set, falling back to 1 default profile: "default"
2023-06-27 15:09:49 [INFO ] c.e.l.LogcollectorApplication - Started LogcollectorApplication in 1.56 seconds (JVM running for 2.275)
2023-06-27 15:13:25 [INFO ] c.e.l.LogcollectorApplication - Starting LogcollectorApplication using Java 1.8.0_362 on DESKTOP-5G4ULTO with PID 4700 (C:\Users\user\lab\cloud_lab\conf_server\work\ai-plus\bin\main started by user in C:\Users\user\lab\cloud_lab\conf_server\work\ai-plus)
2023-06-27 15:13:25 [INFO ] c.e.l.LogcollectorApplication - No active profile set, falling back to 1 default profile: "default"
2023-06-27 15:13:25 [INFO ] c.e.l.LogcollectorApplication - Started LogcollectorApplication in 0.3 seconds (JVM running for 218.554)
2023-06-27 15:14:05 [INFO ] c.e.l.LogcollectorApplication - Starting LogcollectorApplication using Java 1.8.0_362 on DESKTOP-5G4ULTO with PID 4700 (C:\Users\user\lab\cloud_lab\conf_server\work\ai-plus\bin\main started by user in C:\Users\user\lab\cloud_lab\conf_server\work\ai-plus)
2023-06-27 15:14:05 [INFO ] c.e.l.LogcollectorApplication - No active profile set, falling back to 1 default profile: "default"
2023-06-27 15:14:06 [INFO ] c.e.l.LogcollectorApplication - Started LogcollectorApplication in 0.275 seconds (JVM running for 259.415)
2023-06-27 15:22:12 [INFO ] c.e.l.LogcollectorApplication - Starting LogcollectorApplication using Java 1.8.0_362 on DESKTOP-5G4ULTO with PID 4700 (C:\Users\user\lab\cloud_lab\conf_server\work\ai-plus\bin\main started by user in C:\Users\user\lab\cloud_lab\conf_server\work\ai-plus)
2023-06-27 15:22:12 [INFO ] c.e.l.LogcollectorApplication - No active profile set, falling back to 1 default profile: "default"
2023-06-27 15:22:12 [INFO ] c.e.l.LogcollectorApplication - Started LogcollectorApplication in 0.26 seconds (JVM running for 746.081)
2023-06-27 15:22:39 [INFO ] c.e.l.LogcollectorApplication - Starting LogcollectorApplication using Java 1.8.0_362 on DESKTOP-5G4ULTO with PID 4700 (C:\Users\user\lab\cloud_lab\conf_server\work\ai-plus\bin\main started by user in C:\Users\user\lab\cloud_lab\conf_server\work\ai-plus)
2023-06-27 15:22:39 [INFO ] c.e.l.LogcollectorApplication - No active profile set, falling back to 1 default profile: "default"
2023-06-27 15:22:39 [INFO ] c.e.l.LogcollectorApplication - Started LogcollectorApplication in 0.241 seconds (JVM running for 772.564)
2023-06-27 15:26:34 [INFO ] c.e.l.controller.TestController - 
-------------------------------- User --------------------------------
  id             | aiplus1
------------------------------ Request data -------------------------
  req-date       | 20230627 15:24:28
  seq            | 134
  status-code    | 0
---------------------------------------------------------------------
2023-06-27 15:26:34 [INFO ] c.e.l.controller.TestController - seq : 134
2023-06-27 15:26:41 [INFO ] c.e.l.LogcollectorApplication - Starting LogcollectorApplication using Java 1.8.0_362 on DESKTOP-5G4ULTO with PID 4700 (C:\Users\user\lab\cloud_lab\conf_server\work\ai-plus\bin\main started by user in C:\Users\user\lab\cloud_lab\conf_server\work\ai-plus)
2023-06-27 15:26:41 [INFO ] c.e.l.LogcollectorApplication - No active profile set, falling back to 1 default profile: "default"
2023-06-27 15:26:41 [INFO ] c.e.l.LogcollectorApplication - Started LogcollectorApplication in 0.263 seconds (JVM running for 1014.755)
2023-06-27 15:27:06 [INFO ] c.e.l.LogcollectorApplication - Starting LogcollectorApplication using Java 1.8.0_362 on DESKTOP-5G4ULTO with PID 4700 (C:\Users\user\lab\cloud_lab\conf_server\work\ai-plus\bin\main started by user in C:\Users\user\lab\cloud_lab\conf_server\work\ai-plus)
2023-06-27 15:27:06 [INFO ] c.e.l.LogcollectorApplication - No active profile set, falling back to 1 default profile: "default"
2023-06-27 15:27:06 [INFO ] c.e.l.LogcollectorApplication - Started LogcollectorApplication in 0.375 seconds (JVM running for 1040.264)
2023-06-27 15:27:58 [INFO ] c.e.l.LogcollectorApplication - Starting LogcollectorApplication using Java 1.8.0_362 on DESKTOP-5G4ULTO with PID 4700 (C:\Users\user\lab\cloud_lab\conf_server\work\ai-plus\bin\main started by user in C:\Users\user\lab\cloud_lab\conf_server\work\ai-plus)
2023-06-27 15:27:58 [INFO ] c.e.l.LogcollectorApplication - No active profile set, falling back to 1 default profile: "default"
2023-06-27 15:27:58 [INFO ] c.e.l.LogcollectorApplication - Started LogcollectorApplication in 0.249 seconds (JVM running for 1092.2)
2023-06-27 15:28:06 [INFO ] c.e.l.LogcollectorApplication - Starting LogcollectorApplication using Java 1.8.0_362 on DESKTOP-5G4ULTO with PID 4700 (C:\Users\user\lab\cloud_lab\conf_server\work\ai-plus\bin\main started by user in C:\Users\user\lab\cloud_lab\conf_server\work\ai-plus)
2023-06-27 15:28:06 [INFO ] c.e.l.LogcollectorApplication - No active profile set, falling back to 1 default profile: "default"
2023-06-27 15:28:07 [INFO ] c.e.l.LogcollectorApplication - Started LogcollectorApplication in 0.229 seconds (JVM running for 1100.28)
2023-06-27 15:28:22 [INFO ] c.e.l.LogcollectorApplication - Starting LogcollectorApplication using Java 1.8.0_362 on DESKTOP-5G4ULTO with PID 25508 (C:\Users\user\lab\cloud_lab\conf_server\work\ai-plus\bin\main started by user in C:\Users\user\lab\cloud_lab\conf_server\work\ai-plus)
2023-06-27 15:28:22 [INFO ] c.e.l.LogcollectorApplication - No active profile set, falling back to 1 default profile: "default"
2023-06-27 15:28:23 [INFO ] c.e.l.LogcollectorApplication - Started LogcollectorApplication in 1.563 seconds (JVM running for 2.305)
2023-06-27 15:28:58 [INFO ] c.e.l.LogcollectorApplication - Starting LogcollectorApplication using Java 1.8.0_362 on DESKTOP-5G4ULTO with PID 25508 (C:\Users\user\lab\cloud_lab\conf_server\work\ai-plus\bin\main started by user in C:\Users\user\lab\cloud_lab\conf_server\work\ai-plus)
2023-06-27 15:28:58 [INFO ] c.e.l.LogcollectorApplication - No active profile set, falling back to 1 default profile: "default"
2023-06-27 15:28:58 [INFO ] c.e.l.LogcollectorApplication - Started LogcollectorApplication in 0.308 seconds (JVM running for 37.231)
2023-06-27 15:29:17 [INFO ] c.e.l.LogcollectorApplication - Starting LogcollectorApplication using Java 1.8.0_362 on DESKTOP-5G4ULTO with PID 35832 (C:\Users\user\lab\cloud_lab\conf_server\work\ai-plus\bin\main started by user in C:\Users\user\lab\cloud_lab\conf_server\work\ai-plus)
2023-06-27 15:29:17 [INFO ] c.e.l.LogcollectorApplication - No active profile set, falling back to 1 default profile: "default"
2023-06-27 15:29:18 [INFO ] c.e.l.LogcollectorApplication - Started LogcollectorApplication in 1.543 seconds (JVM running for 2.233)
2023-06-27 15:31:27 [INFO ] c.e.l.controller.TestController - 
-------------------------------- User --------------------------------
  id             | aiplus1
------------------------------ Request data -------------------------
  req-date       | 20230627 15:29:23
  seq            | 136
  status-code    | 0
---------------------------------------------------------------------
2023-06-27 15:31:27 [INFO ] c.e.l.controller.TestController - seq : 136
2023-06-27 15:31:30 [INFO ] c.e.l.LogcollectorApplication - Starting LogcollectorApplication using Java 1.8.0_362 on DESKTOP-5G4ULTO with PID 35832 (C:\Users\user\lab\cloud_lab\conf_server\work\ai-plus\bin\main started by user in C:\Users\user\lab\cloud_lab\conf_server\work\ai-plus)
2023-06-27 15:31:30 [INFO ] c.e.l.LogcollectorApplication - No active profile set, falling back to 1 default profile: "default"
2023-06-27 15:31:31 [INFO ] c.e.l.LogcollectorApplication - Started LogcollectorApplication in 0.313 seconds (JVM running for 134.776)
2023-06-27 15:31:53 [INFO ] c.e.l.LogcollectorApplication - Starting LogcollectorApplication using Java 1.8.0_362 on DESKTOP-5G4ULTO with PID 20860 (C:\Users\user\lab\cloud_lab\conf_server\work\ai-plus\bin\main started by user in C:\Users\user\lab\cloud_lab\conf_server\work\ai-plus)
2023-06-27 15:31:53 [INFO ] c.e.l.LogcollectorApplication - No active profile set, falling back to 1 default profile: "default"
2023-06-27 15:31:54 [INFO ] c.e.l.LogcollectorApplication - Started LogcollectorApplication in 1.571 seconds (JVM running for 2.268)
2023-06-27 15:34:08 [INFO ] c.e.l.controller.TestController - 
-------------------------------- User --------------------------------
  id             | aiplus1
------------------------------ Request data -------------------------
  req-date       | 20230627 15:32:05
  seq            | 137
  status-code    | 0
---------------------------------------------------------------------
2023-06-27 15:34:08 [INFO ] c.e.l.controller.TestController - seq : 137
2023-06-27 15:36:14 [INFO ] c.e.l.LogcollectorApplication - Starting LogcollectorApplication using Java 1.8.0_362 on DESKTOP-5G4ULTO with PID 20860 (C:\Users\user\lab\cloud_lab\conf_server\work\ai-plus\bin\main started by user in C:\Users\user\lab\cloud_lab\conf_server\work\ai-plus)
2023-06-27 15:36:14 [INFO ] c.e.l.LogcollectorApplication - No active profile set, falling back to 1 default profile: "default"
2023-06-27 15:36:15 [INFO ] c.e.l.LogcollectorApplication - Started LogcollectorApplication in 0.298 seconds (JVM running for 263.026)
2023-06-27 15:38:35 [INFO ] c.e.l.LogcollectorApplication - Starting LogcollectorApplication using Java 1.8.0_362 on DESKTOP-5G4ULTO with PID 20860 (C:\Users\user\lab\cloud_lab\conf_server\work\ai-plus\bin\main started by user in C:\Users\user\lab\cloud_lab\conf_server\work\ai-plus)
2023-06-27 15:38:35 [INFO ] c.e.l.LogcollectorApplication - No active profile set, falling back to 1 default profile: "default"
2023-06-27 15:38:35 [INFO ] c.e.l.LogcollectorApplication - Started LogcollectorApplication in 0.29 seconds (JVM running for 403.553)
2023-06-27 15:41:11 [INFO ] c.e.l.LogcollectorApplication - Starting LogcollectorApplication using Java 1.8.0_362 on DESKTOP-5G4ULTO with PID 20860 (C:\Users\user\lab\cloud_lab\conf_server\work\ai-plus\bin\main started by user in C:\Users\user\lab\cloud_lab\conf_server\work\ai-plus)
2023-06-27 15:41:11 [INFO ] c.e.l.LogcollectorApplication - No active profile set, falling back to 1 default profile: "default"
2023-06-27 15:41:11 [INFO ] c.e.l.LogcollectorApplication - Started LogcollectorApplication in 0.279 seconds (JVM running for 559.391)
2023-06-27 15:41:37 [INFO ] c.e.l.LogcollectorApplication - Starting LogcollectorApplication using Java 1.8.0_362 on DESKTOP-5G4ULTO with PID 35712 (C:\Users\user\lab\cloud_lab\conf_server\work\ai-plus\bin\main started by user in C:\Users\user\lab\cloud_lab\conf_server\work\ai-plus)
2023-06-27 15:41:37 [INFO ] c.e.l.LogcollectorApplication - No active profile set, falling back to 1 default profile: "default"
2023-06-27 15:41:39 [INFO ] c.e.l.LogcollectorApplication - Started LogcollectorApplication in 1.608 seconds (JVM running for 2.302)
2023-06-27 15:43:54 [INFO ] c.e.l.controller.TestController - 
-------------------------------- User --------------------------------
  id             | aiplus1
------------------------------ Request data -------------------------
  req-date       | 20230627 15:41:50
  seq            | 138
  status-code    | 0
---------------------------------------------------------------------
2023-06-27 15:43:54 [INFO ] c.e.l.controller.TestController - seq : 138
2023-06-27 15:44:09 [INFO ] c.e.l.LogcollectorApplication - Starting LogcollectorApplication using Java 1.8.0_362 on DESKTOP-5G4ULTO with PID 35712 (C:\Users\user\lab\cloud_lab\conf_server\work\ai-plus\bin\main started by user in C:\Users\user\lab\cloud_lab\conf_server\work\ai-plus)
2023-06-27 15:44:09 [INFO ] c.e.l.LogcollectorApplication - No active profile set, falling back to 1 default profile: "default"
2023-06-27 15:44:09 [INFO ] c.e.l.LogcollectorApplication - Started LogcollectorApplication in 0.309 seconds (JVM running for 153.072)
2023-06-27 15:46:50 [INFO ] c.e.l.LogcollectorApplication - Starting LogcollectorApplication using Java 1.8.0_362 on DESKTOP-5G4ULTO with PID 35712 (C:\Users\user\lab\cloud_lab\conf_server\work\ai-plus\bin\main started by user in C:\Users\user\lab\cloud_lab\conf_server\work\ai-plus)
2023-06-27 15:46:50 [INFO ] c.e.l.LogcollectorApplication - No active profile set, falling back to 1 default profile: "default"
2023-06-27 15:46:50 [INFO ] c.e.l.LogcollectorApplication - Started LogcollectorApplication in 0.277 seconds (JVM running for 313.949)
2023-06-27 15:47:26 [INFO ] c.e.l.LogcollectorApplication - Starting LogcollectorApplication using Java 1.8.0_362 on DESKTOP-5G4ULTO with PID 35712 (C:\Users\user\lab\cloud_lab\conf_server\work\ai-plus\bin\main started by user in C:\Users\user\lab\cloud_lab\conf_server\work\ai-plus)
2023-06-27 15:47:26 [INFO ] c.e.l.LogcollectorApplication - No active profile set, falling back to 1 default profile: "default"
2023-06-27 15:47:26 [INFO ] c.e.l.LogcollectorApplication - Started LogcollectorApplication in 0.262 seconds (JVM running for 349.558)
2023-06-27 15:47:31 [INFO ] c.e.l.LogcollectorApplication - Starting LogcollectorApplication using Java 1.8.0_362 on DESKTOP-5G4ULTO with PID 33392 (C:\Users\user\lab\cloud_lab\conf_server\work\ai-plus\bin\main started by user in C:\Users\user\lab\cloud_lab\conf_server\work\ai-plus)
2023-06-27 15:47:31 [INFO ] c.e.l.LogcollectorApplication - No active profile set, falling back to 1 default profile: "default"
2023-06-27 15:47:32 [INFO ] c.e.l.LogcollectorApplication - Started LogcollectorApplication in 1.557 seconds (JVM running for 2.25)
2023-06-27 15:49:45 [INFO ] c.e.l.controller.TestController - 
-------------------------------- User --------------------------------
  id             | aiplus1
------------------------------ Request data -------------------------
  req-date       | 20230627 15:47:42
  seq            | 139
  status-code    | 0
---------------------------------------------------------------------
2023-06-27 15:49:45 [INFO ] c.e.l.controller.TestController - seq : 139
2023-06-27 15:49:45 [INFO ] c.e.l.controller.TestController - User aiplus1 is started. (Sequence number: 139)
2023-06-27 15:49:45 [INFO ] c.e.l.controller.TestController - 
-------------------------------- User --------------------------------
  id                 | aiplus1
-------------------------------- Polling ----------------------------
  req-date           | 20230627 15:47:42
  seq                | 139
  status-code        | 1
  completion-date    | 20230627 15:49:44
  anomal             | ["2023-06-20 02:19:00","2023-06-20 04:57:00","2023-06-20 06:56:00","2023-06-20 09:09:00","2023-06-20 09:25:00","2023-06-20 09:27:00","2023-06-20 09:37:00","2023-06-20 09:39:00","2023-06-20 09:43:00","2023-06-20 09:45:00","2023-06-20 09:49:00","2023-06-20 09:54:00","2023-06-20 09:55:00","2023-06-20 10:09:00","2023-06-20 10:10:00","2023-06-20 10:12:00","2023-06-20 10:25:00","2023-06-20 10:27:00","2023-06-20 10:39:00","2023-06-20 10:42:00","2023-06-20 10:43:00","2023-06-20 10:45:00","2023-06-20 10:49:00","2023-06-20 10:54:00","2023-06-20 10:55:00","2023-06-20 11:08:00","2023-06-20 11:15:00","2023-06-20 11:16:00","2023-06-20 11:17:00","2023-06-20 11:18:00","2023-06-20 11:19:00","2023-06-20 11:22:00","2023-06-20 11:23:00","2023-06-20 11:25:00","2023-06-20 11:29:00","2023-06-20 11:36:00","2023-06-20 11:37:00","2023-06-20 11:38:00","2023-06-20 11:44:00","2023-06-20 11:51:00","2023-06-20 11:59:00","2023-06-20 12:08:00","2023-06-20 12:15:00","2023-06-20 12:36:00","2023-06-20 12:38:00","2023-06-20 12:44:00","2023-06-20 13:02:00","2023-06-20 13:08:00","2023-06-20 13:15:00","2023-06-20 13:17:00","2023-06-20 13:18:00","2023-06-20 13:19:00","2023-06-20 13:25:00","2023-06-20 13:36:00","2023-06-20 13:38:00","2023-06-20 13:44:00","2023-06-20 13:51:00","2023-06-20 14:08:00","2023-06-20 14:15:00","2023-06-20 14:17:00","2023-06-20 14:18:00","2023-06-20 14:19:00","2023-06-20 14:23:00","2023-06-20 14:25:00","2023-06-20 14:36:00","2023-06-20 14:37:00","2023-06-20 14:38:00","2023-06-20 14:44:00","2023-06-20 14:51:00","2023-06-20 14:59:00","2023-06-20 15:13:00","2023-06-20 15:17:00","2023-06-20 15:23:00","2023-06-20 15:25:00","2023-06-20 15:34:00","2023-06-20 15:39:00","2023-06-20 15:40:00","2023-06-20 15:44:00","2023-06-20 15:47:00","2023-06-20 15:49:00","2023-06-20 15:50:00","2023-06-20 15:53:00","2023-06-20 15:55:00","2023-06-20 15:57:00","2023-06-20 16:13:00","2023-06-20 16:17:00","2023-06-20 16:25:00","2023-06-20 16:33:00","2023-06-20 16:34:00","2023-06-20 16:39:00","2023-06-20 16:47:00","2023-06-20 16:49:00","2023-06-20 16:50:00","2023-06-20 16:53:00","2023-06-20 16:55:00","2023-06-20 16:57:00","2023-06-20 17:13:00","2023-06-20 17:17:00","2023-06-20 17:23:00","2023-06-20 17:25:00","2023-06-20 17:28:00","2023-06-20 17:34:00","2023-06-20 17:39:00","2023-06-20 17:47:00","2023-06-20 17:49:00","2023-06-20 17:50:00","2023-06-20 17:53:00","2023-06-20 17:55:00","2023-06-20 17:57:00","2023-06-20 19:00:00","2023-06-20 21:46:00","2023-06-20 23:21:00"]
---------------------------------------------------------------------
2023-06-27 15:49:45 [INFO ] c.e.l.controller.TestController - anomal: 2023-06-20 02:19:00
2023-06-27 15:49:45 [INFO ] c.e.logcollector.dao.PollingDAO - 
---------------------- [ Polling ] SQL ----------------------
 INSERT INTO emp_detail ( occr_dt, dept_id, emp_user_id, rule_cd, rule_cnt, dng_val, dept_name, emp_user_name, rule_nm, log_delimiter, system_seq, rule_result_type, rule_view_type, limit_cnt)  VALUES ( to_char(to_date('2023-06-20', 'YYYY-MM-DD'), 'YYYYMMDD') , 'DEPT00002', 'aiplus1', 5500, 2, 0, '플랫폼개발팀', 'AI데모1', '(AI) 개인별 이용 패턴 학습기반 비정상 이용 행위 탐지', 'BA', '02', '1', 'M', 1);
-------------------------------------------------
2023-06-27 15:49:45 [INFO ] c.e.l.controller.TestController - User aiplus1 is completed.
2023-06-27 15:51:11 [INFO ] c.e.l.LogcollectorApplication - Starting LogcollectorApplication using Java 1.8.0_362 on DESKTOP-5G4ULTO with PID 33392 (C:\Users\user\lab\cloud_lab\conf_server\work\ai-plus\bin\main started by user in C:\Users\user\lab\cloud_lab\conf_server\work\ai-plus)
2023-06-27 15:51:11 [INFO ] c.e.l.LogcollectorApplication - No active profile set, falling back to 1 default profile: "default"
2023-06-27 15:51:11 [INFO ] c.e.l.LogcollectorApplication - Started LogcollectorApplication in 0.307 seconds (JVM running for 221.33)
