2023-06-27 10:26:22 [INFO ] c.e.l.controller.TestController - 
-------------------------------- User --------------------------------
  id             | aiplus1
------------------------------ Request data -------------------------
  req-date       | 20230627 10:24:21
  seq            | 124
  status-code    | 0
---------------------------------------------------------------------
2023-06-27 10:26:22 [INFO ] c.e.l.controller.TestController - seq : 124
2023-06-27 10:29:59 [INFO ] c.e.l.controller.TestController - 
-------------------------------- User --------------------------------
  id             | aiplus2
------------------------------ Request data -------------------------
  req-date       | 20230627 10:27:41
  seq            | 125
  status-code    | 0
---------------------------------------------------------------------
2023-06-27 10:29:59 [INFO ] c.e.l.controller.TestController - seq : 125
2023-06-27 10:33:12 [INFO ] c.e.l.controller.TestController - 
-------------------------------- User --------------------------------
  id             | aiplus3
------------------------------ Request data -------------------------
  req-date       | 20230627 10:30:28
  seq            | 126
  status-code    | 0
---------------------------------------------------------------------
2023-06-27 10:33:12 [INFO ] c.e.l.controller.TestController - seq : 126
2023-06-27 10:37:09 [INFO ] c.e.l.controller.TestController - 
-------------------------------- User --------------------------------
  id             | aiplus4
------------------------------ Request data -------------------------
  req-date       | 20230627 10:34:13
  seq            | 127
  status-code    | 0
---------------------------------------------------------------------
2023-06-27 10:37:09 [INFO ] c.e.l.controller.TestController - seq : 127
2023-06-27 10:40:17 [INFO ] c.e.l.controller.TestController - 
-------------------------------- User --------------------------------
  id             | aiplus5
------------------------------ Request data -------------------------
  req-date       | 20230627 10:37:22
  seq            | 128
  status-code    | 0
---------------------------------------------------------------------
2023-06-27 10:40:17 [INFO ] c.e.l.controller.TestController - seq : 128
2023-06-27 10:44:18 [INFO ] c.e.l.controller.TestController - 
-------------------------------- User --------------------------------
  id             | aiplus6
------------------------------ Request data -------------------------
  req-date       | 20230627 10:41:36
  seq            | 129
  status-code    | 0
---------------------------------------------------------------------
2023-06-27 10:44:18 [INFO ] c.e.l.controller.TestController - seq : 129
2023-06-27 12:51:48 [INFO ] c.e.l.controller.TestController - 
-------------------------------- User --------------------------------
  id             | aiplus7
------------------------------ Request data -------------------------
  req-date       | 20230627 12:49:34
  seq            | 130
  status-code    | 0
---------------------------------------------------------------------
2023-06-27 12:51:48 [INFO ] c.e.l.controller.TestController - seq : 130
2023-06-27 12:55:33 [INFO ] c.e.l.controller.TestController - 
-------------------------------- User --------------------------------
  id             | aiplus8
------------------------------ Request data -------------------------
  req-date       | 20230627 12:52:57
  seq            | 131
  status-code    | 0
---------------------------------------------------------------------
2023-06-27 12:55:33 [INFO ] c.e.l.controller.TestController - seq : 131
2023-06-27 12:59:18 [INFO ] c.e.l.controller.TestController - 
-------------------------------- User --------------------------------
  id             | aiplus9
------------------------------ Request data -------------------------
  req-date       | 20230627 12:57:00
  seq            | 132
  status-code    | 0
---------------------------------------------------------------------
2023-06-27 12:59:18 [INFO ] c.e.l.controller.TestController - seq : 132
2023-06-27 13:04:27 [INFO ] c.e.l.controller.TestController - 
-------------------------------- User --------------------------------
  id             | aiplus10
------------------------------ Request data -------------------------
  req-date       | 20230627 13:01:06
  seq            | 133
  status-code    | 0
---------------------------------------------------------------------
2023-06-27 13:04:27 [INFO ] c.e.l.controller.TestController - seq : 133
